<?xml version="1.0" encoding="UTF-8"?>
<!-- Generated by org.testng.reporters.JUnitReportReporter -->
<testsuite hostname="Raja-Amar" failures="0" tests="1" name="driverFactory.TestScript" time="33.362" errors="0" timestamp="2023-04-15T12:45:33 IST" skipped="0">
  <testcase classname="driverFactory.TestScript" name="startTest" time="33.362"/>
  <system-out>
    <![CDATA[No of Rows in the sheet are ::10
Add Employee Success::   19589   19589
Add Employee Success::   19590   19590
Add Employee Success::   19591   19591
Add Employee Success::   19592   19592
Add Employee Success::   19593   19593
Add Employee Success::   19594   19594
Add Employee Success::   19595   19595
Add Employee Success::   19596   19596
Add Employee Success::   19597   19597
Add Employee Success::   19598   19598]]>
  </system-out>
</testsuite> <!-- driverFactory.TestScript -->
