<?xml version="1.0" encoding="UTF-8"?>
<!-- Generated by org.testng.reporters.JUnitReportReporter -->
<testsuite hostname="Raja-Amar" failures="0" tests="1" name="commonFunctions.DriverScript" time="29.526" errors="0" timestamp="2023-04-10T21:25:30 IST" skipped="0">
  <testcase classname="commonFunctions.DriverScript" name="startTest" time="29.526"/>
  <system-out>
    <![CDATA[No of rows are::9
Login Success:dashboard     http://orangehrm.qedgetech.com/symfony/web/index.php/dashboard
Invalid credentials  dashboard  http://orangehrm.qedgetech.com/symfony/web/index.php/auth/validateCredentials
Login Success:dashboard     http://orangehrm.qedgetech.com/symfony/web/index.php/dashboard
Password cannot be empty  dashboard  http://orangehrm.qedgetech.com/symfony/web/index.php/auth/login
Login Success:dashboard     http://orangehrm.qedgetech.com/symfony/web/index.php/dashboard
Username cannot be empty  dashboard  http://orangehrm.qedgetech.com/symfony/web/index.php/auth/login
Login Success:dashboard     http://orangehrm.qedgetech.com/symfony/web/index.php/dashboard
Invalid credentials  dashboard  http://orangehrm.qedgetech.com/symfony/web/index.php/auth/validateCredentials
Login Success:dashboard     http://orangehrm.qedgetech.com/symfony/web/index.php/dashboard]]>
  </system-out>
</testsuite> <!-- commonFunctions.DriverScript -->
